Analysis & Synthesis report for kadai2
Wed Jun 01 15:16:19 2022
Quartus Prime Version 18.1.0 Build 625 09/12/2018 SJ Lite Edition


---------------------
; Table of Contents ;
---------------------
  1. Legal Notice
  2. Analysis & Synthesis Summary
  3. Analysis & Synthesis Settings
  4. Parallel Compilation
  5. Analysis & Synthesis Source Files Read
  6. Analysis & Synthesis Resource Usage Summary
  7. Analysis & Synthesis Resource Utilization by Entity
  8. General Register Statistics
  9. Inverted Register Statistics
 10. Multiplexer Restructuring Statistics (Restructuring Performed)
 11. Port Connectivity Checks: "decode_7seg:decode5"
 12. Port Connectivity Checks: "decode_7seg:decode3"
 13. Port Connectivity Checks: "led_driver:led_driver_inst"
 14. Post-Synthesis Netlist Statistics for Top Partition
 15. Elapsed Time Per Partition
 16. Analysis & Synthesis Messages



----------------
; Legal Notice ;
----------------
Copyright (C) 2018  Intel Corporation. All rights reserved.
Your use of Intel Corporation's design tools, logic functions 
and other software and tools, and its AMPP partner logic 
functions, and any output files from any of the foregoing 
(including device programming or simulation files), and any 
associated documentation or information are expressly subject 
to the terms and conditions of the Intel Program License 
Subscription Agreement, the Intel Quartus Prime License Agreement,
the Intel FPGA IP License Agreement, or other applicable license
agreement, including, without limitation, that your use is for
the sole purpose of programming logic devices manufactured by
Intel and sold by Intel or its authorized distributors.  Please
refer to the applicable agreement for further details.



+----------------------------------------------------------------------------------+
; Analysis & Synthesis Summary                                                     ;
+------------------------------------+---------------------------------------------+
; Analysis & Synthesis Status        ; Successful - Wed Jun 01 15:16:19 2022       ;
; Quartus Prime Version              ; 18.1.0 Build 625 09/12/2018 SJ Lite Edition ;
; Revision Name                      ; kadai2                                      ;
; Top-level Entity Name              ; kadai2                                      ;
; Family                             ; Cyclone IV E                                ;
; Total logic elements               ; 96                                          ;
;     Total combinational functions  ; 87                                          ;
;     Dedicated logic registers      ; 29                                          ;
; Total registers                    ; 29                                          ;
; Total pins                         ; 152                                         ;
; Total virtual pins                 ; 0                                           ;
; Total memory bits                  ; 0                                           ;
; Embedded Multiplier 9-bit elements ; 0                                           ;
; Total PLLs                         ; 0                                           ;
+------------------------------------+---------------------------------------------+


+------------------------------------------------------------------------------------------------------------+
; Analysis & Synthesis Settings                                                                              ;
+------------------------------------------------------------------+--------------------+--------------------+
; Option                                                           ; Setting            ; Default Value      ;
+------------------------------------------------------------------+--------------------+--------------------+
; Device                                                           ; EP4CE30F23I7       ;                    ;
; Top-level entity name                                            ; kadai2             ; kadai2             ;
; Family name                                                      ; Cyclone IV E       ; Cyclone V          ;
; Use smart compilation                                            ; Off                ; Off                ;
; Enable parallel Assembler and Timing Analyzer during compilation ; On                 ; On                 ;
; Enable compact report table                                      ; Off                ; Off                ;
; Restructure Multiplexers                                         ; Auto               ; Auto               ;
; Create Debugging Nodes for IP Cores                              ; Off                ; Off                ;
; Preserve fewer node names                                        ; On                 ; On                 ;
; Intel FPGA IP Evaluation Mode                                    ; Enable             ; Enable             ;
; Verilog Version                                                  ; Verilog_2001       ; Verilog_2001       ;
; VHDL Version                                                     ; VHDL_1993          ; VHDL_1993          ;
; State Machine Processing                                         ; Auto               ; Auto               ;
; Safe State Machine                                               ; Off                ; Off                ;
; Extract Verilog State Machines                                   ; On                 ; On                 ;
; Extract VHDL State Machines                                      ; On                 ; On                 ;
; Ignore Verilog initial constructs                                ; Off                ; Off                ;
; Iteration limit for constant Verilog loops                       ; 5000               ; 5000               ;
; Iteration limit for non-constant Verilog loops                   ; 250                ; 250                ;
; Add Pass-Through Logic to Inferred RAMs                          ; On                 ; On                 ;
; Infer RAMs from Raw Logic                                        ; On                 ; On                 ;
; Parallel Synthesis                                               ; On                 ; On                 ;
; DSP Block Balancing                                              ; Auto               ; Auto               ;
; NOT Gate Push-Back                                               ; On                 ; On                 ;
; Power-Up Don't Care                                              ; On                 ; On                 ;
; Remove Redundant Logic Cells                                     ; Off                ; Off                ;
; Remove Duplicate Registers                                       ; On                 ; On                 ;
; Ignore CARRY Buffers                                             ; Off                ; Off                ;
; Ignore CASCADE Buffers                                           ; Off                ; Off                ;
; Ignore GLOBAL Buffers                                            ; Off                ; Off                ;
; Ignore ROW GLOBAL Buffers                                        ; Off                ; Off                ;
; Ignore LCELL Buffers                                             ; Off                ; Off                ;
; Ignore SOFT Buffers                                              ; On                 ; On                 ;
; Limit AHDL Integers to 32 Bits                                   ; Off                ; Off                ;
; Optimization Technique                                           ; Balanced           ; Balanced           ;
; Carry Chain Length                                               ; 70                 ; 70                 ;
; Auto Carry Chains                                                ; On                 ; On                 ;
; Auto Open-Drain Pins                                             ; On                 ; On                 ;
; Perform WYSIWYG Primitive Resynthesis                            ; Off                ; Off                ;
; Auto ROM Replacement                                             ; On                 ; On                 ;
; Auto RAM Replacement                                             ; On                 ; On                 ;
; Auto DSP Block Replacement                                       ; On                 ; On                 ;
; Auto Shift Register Replacement                                  ; Auto               ; Auto               ;
; Allow Shift Register Merging across Hierarchies                  ; Auto               ; Auto               ;
; Auto Clock Enable Replacement                                    ; On                 ; On                 ;
; Strict RAM Replacement                                           ; Off                ; Off                ;
; Allow Synchronous Control Signals                                ; On                 ; On                 ;
; Force Use of Synchronous Clear Signals                           ; Off                ; Off                ;
; Auto RAM Block Balancing                                         ; On                 ; On                 ;
; Auto RAM to Logic Cell Conversion                                ; Off                ; Off                ;
; Auto Resource Sharing                                            ; Off                ; Off                ;
; Allow Any RAM Size For Recognition                               ; Off                ; Off                ;
; Allow Any ROM Size For Recognition                               ; Off                ; Off                ;
; Allow Any Shift Register Size For Recognition                    ; Off                ; Off                ;
; Use LogicLock Constraints during Resource Balancing              ; On                 ; On                 ;
; Ignore translate_off and synthesis_off directives                ; Off                ; Off                ;
; Timing-Driven Synthesis                                          ; On                 ; On                 ;
; Report Parameter Settings                                        ; On                 ; On                 ;
; Report Source Assignments                                        ; On                 ; On                 ;
; Report Connectivity Checks                                       ; On                 ; On                 ;
; Ignore Maximum Fan-Out Assignments                               ; Off                ; Off                ;
; Synchronization Register Chain Length                            ; 2                  ; 2                  ;
; Power Optimization During Synthesis                              ; Normal compilation ; Normal compilation ;
; HDL message level                                                ; Level2             ; Level2             ;
; Suppress Register Optimization Related Messages                  ; Off                ; Off                ;
; Number of Removed Registers Reported in Synthesis Report         ; 5000               ; 5000               ;
; Number of Swept Nodes Reported in Synthesis Report               ; 5000               ; 5000               ;
; Number of Inverted Registers Reported in Synthesis Report        ; 100                ; 100                ;
; Clock MUX Protection                                             ; On                 ; On                 ;
; Auto Gated Clock Conversion                                      ; Off                ; Off                ;
; Block Design Naming                                              ; Auto               ; Auto               ;
; SDC constraint protection                                        ; Off                ; Off                ;
; Synthesis Effort                                                 ; Auto               ; Auto               ;
; Shift Register Replacement - Allow Asynchronous Clear Signal     ; On                 ; On                 ;
; Pre-Mapping Resynthesis Optimization                             ; Off                ; Off                ;
; Analysis & Synthesis Message Level                               ; Medium             ; Medium             ;
; Disable Register Merging Across Hierarchies                      ; Auto               ; Auto               ;
; Resource Aware Inference For Block RAM                           ; On                 ; On                 ;
+------------------------------------------------------------------+--------------------+--------------------+


+------------------------------------------+
; Parallel Compilation                     ;
+----------------------------+-------------+
; Processors                 ; Number      ;
+----------------------------+-------------+
; Number detected on machine ; 8           ;
; Maximum allowed            ; 4           ;
;                            ;             ;
; Average used               ; 1.00        ;
; Maximum used               ; 4           ;
;                            ;             ;
; Usage by Processor         ; % Time Used ;
;     Processor 1            ; 100.0%      ;
;     Processors 2-4         ;   0.0%      ;
+----------------------------+-------------+


+-------------------------------------------------------------------------------------------------------------------------------------------------------------------------------------+
; Analysis & Synthesis Source Files Read                                                                                                                                              ;
+--------------------------------------------------+-----------------+------------------------+-----------------------------------------------------------------------------+---------+
; File Name with User-Entered Path                 ; Used in Netlist ; File Type              ; File Name with Absolute Path                                                ; Library ;
+--------------------------------------------------+-----------------+------------------------+-----------------------------------------------------------------------------+---------+
; ../../hw2019/verilog-src/public/led_driver.v     ; yes             ; User Verilog HDL File  ; C:/Users/saule/Documents/Quartus/hw2019/verilog-src/public/led_driver.v     ;         ;
; ../../hw2019/verilog-src/templates/add4.v        ; yes             ; User Verilog HDL File  ; C:/Users/saule/Documents/Quartus/hw2019/verilog-src/templates/add4.v        ;         ;
; ../../hw2019/verilog-src/public/kadai2.v         ; yes             ; User Verilog HDL File  ; C:/Users/saule/Documents/Quartus/hw2019/verilog-src/public/kadai2.v         ;         ;
; ../../hw2019/verilog-src/templates/decode_7seg.v ; yes             ; User Verilog HDL File  ; C:/Users/saule/Documents/Quartus/hw2019/verilog-src/templates/decode_7seg.v ;         ;
+--------------------------------------------------+-----------------+------------------------+-----------------------------------------------------------------------------+---------+


+---------------------------------------------------------------+
; Analysis & Synthesis Resource Usage Summary                   ;
+---------------------------------------------+-----------------+
; Resource                                    ; Usage           ;
+---------------------------------------------+-----------------+
; Estimated Total logic elements              ; 96              ;
;                                             ;                 ;
; Total combinational functions               ; 87              ;
; Logic element usage by number of LUT inputs ;                 ;
;     -- 4 input functions                    ; 26              ;
;     -- 3 input functions                    ; 23              ;
;     -- <=2 input functions                  ; 38              ;
;                                             ;                 ;
; Logic elements by mode                      ;                 ;
;     -- normal mode                          ; 68              ;
;     -- arithmetic mode                      ; 19              ;
;                                             ;                 ;
; Total registers                             ; 29              ;
;     -- Dedicated logic registers            ; 29              ;
;     -- I/O registers                        ; 0               ;
;                                             ;                 ;
; I/O pins                                    ; 152             ;
;                                             ;                 ;
; Embedded Multiplier 9-bit elements          ; 0               ;
;                                             ;                 ;
; Maximum fan-out node                        ; sys_clock~input ;
; Maximum fan-out                             ; 29              ;
; Total fan-out                               ; 543             ;
; Average fan-out                             ; 1.29            ;
+---------------------------------------------+-----------------+


+------------------------------------------------------------------------------------------------------------------------------------------------------------------------------------------------------------------------------+
; Analysis & Synthesis Resource Utilization by Entity                                                                                                                                                                          ;
+---------------------------------+---------------------+---------------------------+-------------+--------------+---------+-----------+------+--------------+------------------------------------+-------------+--------------+
; Compilation Hierarchy Node      ; Combinational ALUTs ; Dedicated Logic Registers ; Memory Bits ; DSP Elements ; DSP 9x9 ; DSP 18x18 ; Pins ; Virtual Pins ; Full Hierarchy Name                ; Entity Name ; Library Name ;
+---------------------------------+---------------------+---------------------------+-------------+--------------+---------+-----------+------+--------------+------------------------------------+-------------+--------------+
; |kadai2                         ; 87 (0)              ; 29 (0)                    ; 0           ; 0            ; 0       ; 0         ; 152  ; 0            ; |kadai2                            ; kadai2      ; work         ;
;    |add4:add4_inst|             ; 6 (6)               ; 0 (0)                     ; 0           ; 0            ; 0       ; 0         ; 0    ; 0            ; |kadai2|add4:add4_inst             ; add4        ; work         ;
;    |decode_7seg:decode1|        ; 7 (7)               ; 0 (0)                     ; 0           ; 0            ; 0       ; 0         ; 0    ; 0            ; |kadai2|decode_7seg:decode1        ; decode_7seg ; work         ;
;    |decode_7seg:decode2|        ; 7 (7)               ; 0 (0)                     ; 0           ; 0            ; 0       ; 0         ; 0    ; 0            ; |kadai2|decode_7seg:decode2        ; decode_7seg ; work         ;
;    |decode_7seg:decode4|        ; 7 (7)               ; 0 (0)                     ; 0           ; 0            ; 0       ; 0         ; 0    ; 0            ; |kadai2|decode_7seg:decode4        ; decode_7seg ; work         ;
;    |led_driver:led_driver_inst| ; 60 (60)             ; 29 (29)                   ; 0           ; 0            ; 0       ; 0         ; 0    ; 0            ; |kadai2|led_driver:led_driver_inst ; led_driver  ; work         ;
+---------------------------------+---------------------+---------------------------+-------------+--------------+---------+-----------+------+--------------+------------------------------------+-------------+--------------+
Note: For table entries with two numbers listed, the numbers in parentheses indicate the number of resources of the given type used by the specific entity alone. The numbers listed outside of parentheses indicate the total resources of the given type used by the specific entity and all of its sub-entities in the hierarchy.


+------------------------------------------------------+
; General Register Statistics                          ;
+----------------------------------------------+-------+
; Statistic                                    ; Value ;
+----------------------------------------------+-------+
; Total registers                              ; 29    ;
; Number of registers using Synchronous Clear  ; 0     ;
; Number of registers using Synchronous Load   ; 0     ;
; Number of registers using Asynchronous Clear ; 29    ;
; Number of registers using Asynchronous Load  ; 0     ;
; Number of registers using Clock Enable       ; 13    ;
; Number of registers using Preset             ; 0     ;
+----------------------------------------------+-------+


+----------------------------------------------------+
; Inverted Register Statistics                       ;
+------------------------------------------+---------+
; Inverted Register                        ; Fan out ;
+------------------------------------------+---------+
; led_driver:led_driver_inst|rk_state[0]   ; 3       ;
; led_driver:led_driver_inst|seg7_state[0] ; 28      ;
; Total number of inverted registers = 2   ;         ;
+------------------------------------------+---------+


+-----------------------------------------------------------------------------------------------------------------------------------------------------------+
; Multiplexer Restructuring Statistics (Restructuring Performed)                                                                                            ;
+--------------------+-----------+---------------+----------------------+------------------------+------------+---------------------------------------------+
; Multiplexer Inputs ; Bus Width ; Baseline Area ; Area if Restructured ; Saving if Restructured ; Registered ; Example Multiplexer Output                  ;
+--------------------+-----------+---------------+----------------------+------------------------+------------+---------------------------------------------+
; 3:1                ; 8 bits    ; 16 LEs        ; 8 LEs                ; 8 LEs                  ; No         ; |kadai2|led_driver:led_driver_inst|seg_g[2] ;
+--------------------+-----------+---------------+----------------------+------------------------+------------+---------------------------------------------+


+----------------------------------------------------------------------------------------------------------------------------------------------------------------------------------------------------------------+
; Port Connectivity Checks: "decode_7seg:decode5"                                                                                                                                                                ;
+----------+-------+----------+----------------------------------------------------------------------------------------------------------------------------------------------------------------------------------+
; Port     ; Type  ; Severity ; Details                                                                                                                                                                          ;
+----------+-------+----------+----------------------------------------------------------------------------------------------------------------------------------------------------------------------------------+
; in       ; Input ; Warning  ; Input port expression (8 bits) is wider than the input port (4 bits) it drives.  The 4 most-significant bit(s) in the expression will be dangling if they have no other fanouts. ;
; in[3..1] ; Input ; Info     ; Stuck at GND                                                                                                                                                                     ;
+----------+-------+----------+----------------------------------------------------------------------------------------------------------------------------------------------------------------------------------+


+----------------------------------------------------------------------------------------------------------------------------------------------------------------------------------------------------------------+
; Port Connectivity Checks: "decode_7seg:decode3"                                                                                                                                                                ;
+----------+-------+----------+----------------------------------------------------------------------------------------------------------------------------------------------------------------------------------+
; Port     ; Type  ; Severity ; Details                                                                                                                                                                          ;
+----------+-------+----------+----------------------------------------------------------------------------------------------------------------------------------------------------------------------------------+
; in       ; Input ; Warning  ; Input port expression (8 bits) is wider than the input port (4 bits) it drives.  The 4 most-significant bit(s) in the expression will be dangling if they have no other fanouts. ;
; in[3..1] ; Input ; Info     ; Stuck at GND                                                                                                                                                                     ;
+----------+-------+----------+----------------------------------------------------------------------------------------------------------------------------------------------------------------------------------+


+--------------------------------------------------------+
; Port Connectivity Checks: "led_driver:led_driver_inst" ;
+----------------+-------+----------+--------------------+
; Port           ; Type  ; Severity ; Details            ;
+----------------+-------+----------+--------------------+
; seg7_a[55..48] ; Input ; Info     ; Stuck at GND       ;
; seg7_a[39..32] ; Input ; Info     ; Stuck at GND       ;
; seg7_a[23..0]  ; Input ; Info     ; Stuck at GND       ;
; seg7_b[63..16] ; Input ; Info     ; Stuck at GND       ;
; seg7_c         ; Input ; Info     ; Stuck at GND       ;
; seg7_d         ; Input ; Info     ; Stuck at GND       ;
; seg7_e         ; Input ; Info     ; Stuck at GND       ;
; seg7_f         ; Input ; Info     ; Stuck at GND       ;
; seg7_g         ; Input ; Info     ; Stuck at GND       ;
; seg7_h         ; Input ; Info     ; Stuck at GND       ;
; seg7_dot64     ; Input ; Info     ; Stuck at GND       ;
; rk_a           ; Input ; Info     ; Stuck at GND       ;
; rk_b           ; Input ; Info     ; Stuck at GND       ;
; rk_c           ; Input ; Info     ; Stuck at GND       ;
; rk_d           ; Input ; Info     ; Stuck at GND       ;
; rk_e           ; Input ; Info     ; Stuck at GND       ;
; rk_f           ; Input ; Info     ; Stuck at GND       ;
; rk_g           ; Input ; Info     ; Stuck at GND       ;
; rk_h           ; Input ; Info     ; Stuck at GND       ;
+----------------+-------+----------+--------------------+


+-----------------------------------------------------+
; Post-Synthesis Netlist Statistics for Top Partition ;
+-----------------------+-----------------------------+
; Type                  ; Count                       ;
+-----------------------+-----------------------------+
; boundary_port         ; 152                         ;
; cycloneiii_ff         ; 29                          ;
;     CLR               ; 16                          ;
;     ENA CLR           ; 13                          ;
; cycloneiii_lcell_comb ; 92                          ;
;     arith             ; 19                          ;
;         2 data inputs ; 14                          ;
;         3 data inputs ; 5                           ;
;     normal            ; 73                          ;
;         0 data inputs ; 2                           ;
;         1 data inputs ; 10                          ;
;         2 data inputs ; 17                          ;
;         3 data inputs ; 18                          ;
;         4 data inputs ; 26                          ;
;                       ;                             ;
; Max LUT depth         ; 3.40                        ;
; Average LUT depth     ; 2.30                        ;
+-----------------------+-----------------------------+


+-------------------------------+
; Elapsed Time Per Partition    ;
+----------------+--------------+
; Partition Name ; Elapsed Time ;
+----------------+--------------+
; Top            ; 00:00:00     ;
+----------------+--------------+


+-------------------------------+
; Analysis & Synthesis Messages ;
+-------------------------------+
Info: *******************************************************************
Info: Running Quartus Prime Analysis & Synthesis
    Info: Version 18.1.0 Build 625 09/12/2018 SJ Lite Edition
    Info: Processing started: Wed Jun 01 15:16:02 2022
Info: Command: quartus_map --read_settings_files=on --write_settings_files=off kadai2 -c kadai2
Warning (18236): Number of processors has not been specified which may cause overloading on shared machines.  Set the global assignment NUM_PARALLEL_PROCESSORS in your QSF to an appropriate value for best performance.
Info (20030): Parallel compilation is enabled and will use 4 of the 4 processors detected
Info (12021): Found 1 design units, including 1 entities, in source file /users/saule/documents/quartus/hw2019/verilog-src/public/led_driver.v
    Info (12023): Found entity 1: led_driver File: C:/Users/saule/Documents/Quartus/hw2019/verilog-src/public/led_driver.v Line: 68
Info (12021): Found 1 design units, including 1 entities, in source file /users/saule/documents/quartus/hw2019/verilog-src/templates/add4.v
    Info (12023): Found entity 1: add4 File: C:/Users/saule/Documents/Quartus/hw2019/verilog-src/templates/add4.v Line: 17
Info (12021): Found 1 design units, including 1 entities, in source file /users/saule/documents/quartus/hw2019/verilog-src/public/kadai2.v
    Info (12023): Found entity 1: kadai2 File: C:/Users/saule/Documents/Quartus/hw2019/verilog-src/public/kadai2.v Line: 33
Info (12021): Found 1 design units, including 1 entities, in source file /users/saule/documents/quartus/hw2019/verilog-src/templates/decode_7seg.v
    Info (12023): Found entity 1: decode_7seg File: C:/Users/saule/Documents/Quartus/hw2019/verilog-src/templates/decode_7seg.v Line: 15
Info (12127): Elaborating entity "kadai2" for the top level hierarchy
Info (12128): Elaborating entity "led_driver" for hierarchy "led_driver:led_driver_inst" File: C:/Users/saule/Documents/Quartus/hw2019/verilog-src/public/kadai2.v Line: 117
Info (12128): Elaborating entity "add4" for hierarchy "add4:add4_inst" File: C:/Users/saule/Documents/Quartus/hw2019/verilog-src/public/kadai2.v Line: 124
Info (12128): Elaborating entity "decode_7seg" for hierarchy "decode_7seg:decode1" File: C:/Users/saule/Documents/Quartus/hw2019/verilog-src/public/kadai2.v Line: 131
Warning (12241): 2 hierarchies have connectivity warnings - see the Connectivity Checks report folder
Info (13000): Registers with preset signals will power-up high File: C:/Users/saule/Documents/Quartus/hw2019/verilog-src/public/led_driver.v Line: 200
Info (13003): DEV_CLRn pin will set, and not reset, register with preset signal due to NOT Gate Push-Back
Warning (13024): Output pins are stuck at VCC or GND
    Warning (13410): Pin "seg_x[0]" is stuck at GND File: C:/Users/saule/Documents/Quartus/hw2019/verilog-src/public/kadai2.v Line: 60
    Warning (13410): Pin "seg_x[1]" is stuck at GND File: C:/Users/saule/Documents/Quartus/hw2019/verilog-src/public/kadai2.v Line: 60
    Warning (13410): Pin "seg_x[2]" is stuck at GND File: C:/Users/saule/Documents/Quartus/hw2019/verilog-src/public/kadai2.v Line: 60
    Warning (13410): Pin "seg_x[3]" is stuck at GND File: C:/Users/saule/Documents/Quartus/hw2019/verilog-src/public/kadai2.v Line: 60
    Warning (13410): Pin "seg_x[4]" is stuck at GND File: C:/Users/saule/Documents/Quartus/hw2019/verilog-src/public/kadai2.v Line: 60
    Warning (13410): Pin "seg_x[5]" is stuck at GND File: C:/Users/saule/Documents/Quartus/hw2019/verilog-src/public/kadai2.v Line: 60
    Warning (13410): Pin "seg_x[6]" is stuck at GND File: C:/Users/saule/Documents/Quartus/hw2019/verilog-src/public/kadai2.v Line: 60
    Warning (13410): Pin "seg_x[7]" is stuck at GND File: C:/Users/saule/Documents/Quartus/hw2019/verilog-src/public/kadai2.v Line: 60
    Warning (13410): Pin "seg_y[0]" is stuck at GND File: C:/Users/saule/Documents/Quartus/hw2019/verilog-src/public/kadai2.v Line: 62
    Warning (13410): Pin "seg_y[1]" is stuck at GND File: C:/Users/saule/Documents/Quartus/hw2019/verilog-src/public/kadai2.v Line: 62
    Warning (13410): Pin "seg_y[2]" is stuck at GND File: C:/Users/saule/Documents/Quartus/hw2019/verilog-src/public/kadai2.v Line: 62
    Warning (13410): Pin "seg_y[3]" is stuck at GND File: C:/Users/saule/Documents/Quartus/hw2019/verilog-src/public/kadai2.v Line: 62
    Warning (13410): Pin "seg_y[4]" is stuck at GND File: C:/Users/saule/Documents/Quartus/hw2019/verilog-src/public/kadai2.v Line: 62
    Warning (13410): Pin "seg_y[5]" is stuck at GND File: C:/Users/saule/Documents/Quartus/hw2019/verilog-src/public/kadai2.v Line: 62
    Warning (13410): Pin "seg_y[6]" is stuck at GND File: C:/Users/saule/Documents/Quartus/hw2019/verilog-src/public/kadai2.v Line: 62
    Warning (13410): Pin "seg_y[7]" is stuck at GND File: C:/Users/saule/Documents/Quartus/hw2019/verilog-src/public/kadai2.v Line: 62
    Warning (13410): Pin "led_out[0]" is stuck at GND File: C:/Users/saule/Documents/Quartus/hw2019/verilog-src/public/kadai2.v Line: 64
    Warning (13410): Pin "led_out[1]" is stuck at GND File: C:/Users/saule/Documents/Quartus/hw2019/verilog-src/public/kadai2.v Line: 64
    Warning (13410): Pin "led_out[2]" is stuck at GND File: C:/Users/saule/Documents/Quartus/hw2019/verilog-src/public/kadai2.v Line: 64
    Warning (13410): Pin "led_out[3]" is stuck at GND File: C:/Users/saule/Documents/Quartus/hw2019/verilog-src/public/kadai2.v Line: 64
    Warning (13410): Pin "led_out[4]" is stuck at GND File: C:/Users/saule/Documents/Quartus/hw2019/verilog-src/public/kadai2.v Line: 64
    Warning (13410): Pin "led_out[5]" is stuck at GND File: C:/Users/saule/Documents/Quartus/hw2019/verilog-src/public/kadai2.v Line: 64
    Warning (13410): Pin "led_out[6]" is stuck at GND File: C:/Users/saule/Documents/Quartus/hw2019/verilog-src/public/kadai2.v Line: 64
    Warning (13410): Pin "led_out[7]" is stuck at GND File: C:/Users/saule/Documents/Quartus/hw2019/verilog-src/public/kadai2.v Line: 64
    Warning (13410): Pin "seg_a[0]" is stuck at GND File: C:/Users/saule/Documents/Quartus/hw2019/verilog-src/public/kadai2.v Line: 65
    Warning (13410): Pin "seg_b[0]" is stuck at GND File: C:/Users/saule/Documents/Quartus/hw2019/verilog-src/public/kadai2.v Line: 66
    Warning (13410): Pin "seg_b[1]" is stuck at GND File: C:/Users/saule/Documents/Quartus/hw2019/verilog-src/public/kadai2.v Line: 66
    Warning (13410): Pin "seg_b[2]" is stuck at GND File: C:/Users/saule/Documents/Quartus/hw2019/verilog-src/public/kadai2.v Line: 66
    Warning (13410): Pin "seg_b[3]" is stuck at GND File: C:/Users/saule/Documents/Quartus/hw2019/verilog-src/public/kadai2.v Line: 66
    Warning (13410): Pin "seg_b[4]" is stuck at GND File: C:/Users/saule/Documents/Quartus/hw2019/verilog-src/public/kadai2.v Line: 66
    Warning (13410): Pin "seg_b[5]" is stuck at GND File: C:/Users/saule/Documents/Quartus/hw2019/verilog-src/public/kadai2.v Line: 66
    Warning (13410): Pin "seg_b[6]" is stuck at GND File: C:/Users/saule/Documents/Quartus/hw2019/verilog-src/public/kadai2.v Line: 66
    Warning (13410): Pin "seg_b[7]" is stuck at GND File: C:/Users/saule/Documents/Quartus/hw2019/verilog-src/public/kadai2.v Line: 66
    Warning (13410): Pin "seg_c[0]" is stuck at GND File: C:/Users/saule/Documents/Quartus/hw2019/verilog-src/public/kadai2.v Line: 67
    Warning (13410): Pin "seg_d[0]" is stuck at GND File: C:/Users/saule/Documents/Quartus/hw2019/verilog-src/public/kadai2.v Line: 68
    Warning (13410): Pin "seg_d[1]" is stuck at GND File: C:/Users/saule/Documents/Quartus/hw2019/verilog-src/public/kadai2.v Line: 68
    Warning (13410): Pin "seg_d[2]" is stuck at GND File: C:/Users/saule/Documents/Quartus/hw2019/verilog-src/public/kadai2.v Line: 68
    Warning (13410): Pin "seg_d[3]" is stuck at GND File: C:/Users/saule/Documents/Quartus/hw2019/verilog-src/public/kadai2.v Line: 68
    Warning (13410): Pin "seg_d[4]" is stuck at GND File: C:/Users/saule/Documents/Quartus/hw2019/verilog-src/public/kadai2.v Line: 68
    Warning (13410): Pin "seg_d[5]" is stuck at GND File: C:/Users/saule/Documents/Quartus/hw2019/verilog-src/public/kadai2.v Line: 68
    Warning (13410): Pin "seg_d[6]" is stuck at GND File: C:/Users/saule/Documents/Quartus/hw2019/verilog-src/public/kadai2.v Line: 68
    Warning (13410): Pin "seg_d[7]" is stuck at GND File: C:/Users/saule/Documents/Quartus/hw2019/verilog-src/public/kadai2.v Line: 68
    Warning (13410): Pin "seg_e[0]" is stuck at GND File: C:/Users/saule/Documents/Quartus/hw2019/verilog-src/public/kadai2.v Line: 69
    Warning (13410): Pin "seg_e[1]" is stuck at GND File: C:/Users/saule/Documents/Quartus/hw2019/verilog-src/public/kadai2.v Line: 69
    Warning (13410): Pin "seg_f[0]" is stuck at GND File: C:/Users/saule/Documents/Quartus/hw2019/verilog-src/public/kadai2.v Line: 70
    Warning (13410): Pin "seg_f[1]" is stuck at GND File: C:/Users/saule/Documents/Quartus/hw2019/verilog-src/public/kadai2.v Line: 70
    Warning (13410): Pin "seg_f[2]" is stuck at GND File: C:/Users/saule/Documents/Quartus/hw2019/verilog-src/public/kadai2.v Line: 70
    Warning (13410): Pin "seg_f[3]" is stuck at GND File: C:/Users/saule/Documents/Quartus/hw2019/verilog-src/public/kadai2.v Line: 70
    Warning (13410): Pin "seg_f[4]" is stuck at GND File: C:/Users/saule/Documents/Quartus/hw2019/verilog-src/public/kadai2.v Line: 70
    Warning (13410): Pin "seg_f[5]" is stuck at GND File: C:/Users/saule/Documents/Quartus/hw2019/verilog-src/public/kadai2.v Line: 70
    Warning (13410): Pin "seg_f[6]" is stuck at GND File: C:/Users/saule/Documents/Quartus/hw2019/verilog-src/public/kadai2.v Line: 70
    Warning (13410): Pin "seg_f[7]" is stuck at GND File: C:/Users/saule/Documents/Quartus/hw2019/verilog-src/public/kadai2.v Line: 70
    Warning (13410): Pin "seg_g[0]" is stuck at GND File: C:/Users/saule/Documents/Quartus/hw2019/verilog-src/public/kadai2.v Line: 71
    Warning (13410): Pin "seg_g[1]" is stuck at GND File: C:/Users/saule/Documents/Quartus/hw2019/verilog-src/public/kadai2.v Line: 71
    Warning (13410): Pin "seg_h[0]" is stuck at GND File: C:/Users/saule/Documents/Quartus/hw2019/verilog-src/public/kadai2.v Line: 72
Info (286030): Timing-Driven Synthesis is running
Info (16010): Generating hard_block partition "hard_block:auto_generated_inst"
    Info (16011): Adding 0 node(s), including 0 DDIO, 0 PLL, 0 transceiver and 0 LCELL
Warning (21074): Design contains 36 input pin(s) that do not drive logic
    Warning (15610): No output dependent on input pin "clock" File: C:/Users/saule/Documents/Quartus/hw2019/verilog-src/public/kadai2.v Line: 35
    Warning (15610): No output dependent on input pin "psw_a0" File: C:/Users/saule/Documents/Quartus/hw2019/verilog-src/public/kadai2.v Line: 36
    Warning (15610): No output dependent on input pin "psw_a1" File: C:/Users/saule/Documents/Quartus/hw2019/verilog-src/public/kadai2.v Line: 37
    Warning (15610): No output dependent on input pin "psw_a2" File: C:/Users/saule/Documents/Quartus/hw2019/verilog-src/public/kadai2.v Line: 38
    Warning (15610): No output dependent on input pin "psw_a3" File: C:/Users/saule/Documents/Quartus/hw2019/verilog-src/public/kadai2.v Line: 39
    Warning (15610): No output dependent on input pin "psw_b0" File: C:/Users/saule/Documents/Quartus/hw2019/verilog-src/public/kadai2.v Line: 41
    Warning (15610): No output dependent on input pin "psw_b1" File: C:/Users/saule/Documents/Quartus/hw2019/verilog-src/public/kadai2.v Line: 42
    Warning (15610): No output dependent on input pin "psw_b2" File: C:/Users/saule/Documents/Quartus/hw2019/verilog-src/public/kadai2.v Line: 43
    Warning (15610): No output dependent on input pin "psw_b3" File: C:/Users/saule/Documents/Quartus/hw2019/verilog-src/public/kadai2.v Line: 44
    Warning (15610): No output dependent on input pin "psw_b4" File: C:/Users/saule/Documents/Quartus/hw2019/verilog-src/public/kadai2.v Line: 45
    Warning (15610): No output dependent on input pin "psw_c0" File: C:/Users/saule/Documents/Quartus/hw2019/verilog-src/public/kadai2.v Line: 46
    Warning (15610): No output dependent on input pin "psw_c1" File: C:/Users/saule/Documents/Quartus/hw2019/verilog-src/public/kadai2.v Line: 47
    Warning (15610): No output dependent on input pin "psw_c2" File: C:/Users/saule/Documents/Quartus/hw2019/verilog-src/public/kadai2.v Line: 48
    Warning (15610): No output dependent on input pin "psw_c3" File: C:/Users/saule/Documents/Quartus/hw2019/verilog-src/public/kadai2.v Line: 49
    Warning (15610): No output dependent on input pin "psw_c4" File: C:/Users/saule/Documents/Quartus/hw2019/verilog-src/public/kadai2.v Line: 50
    Warning (15610): No output dependent on input pin "psw_d0" File: C:/Users/saule/Documents/Quartus/hw2019/verilog-src/public/kadai2.v Line: 51
    Warning (15610): No output dependent on input pin "psw_d1" File: C:/Users/saule/Documents/Quartus/hw2019/verilog-src/public/kadai2.v Line: 52
    Warning (15610): No output dependent on input pin "psw_d2" File: C:/Users/saule/Documents/Quartus/hw2019/verilog-src/public/kadai2.v Line: 53
    Warning (15610): No output dependent on input pin "psw_d3" File: C:/Users/saule/Documents/Quartus/hw2019/verilog-src/public/kadai2.v Line: 54
    Warning (15610): No output dependent on input pin "psw_d4" File: C:/Users/saule/Documents/Quartus/hw2019/verilog-src/public/kadai2.v Line: 55
    Warning (15610): No output dependent on input pin "dip_a[0]" File: C:/Users/saule/Documents/Quartus/hw2019/verilog-src/public/kadai2.v Line: 58
    Warning (15610): No output dependent on input pin "dip_a[1]" File: C:/Users/saule/Documents/Quartus/hw2019/verilog-src/public/kadai2.v Line: 58
    Warning (15610): No output dependent on input pin "dip_a[2]" File: C:/Users/saule/Documents/Quartus/hw2019/verilog-src/public/kadai2.v Line: 58
    Warning (15610): No output dependent on input pin "dip_a[3]" File: C:/Users/saule/Documents/Quartus/hw2019/verilog-src/public/kadai2.v Line: 58
    Warning (15610): No output dependent on input pin "dip_a[4]" File: C:/Users/saule/Documents/Quartus/hw2019/verilog-src/public/kadai2.v Line: 58
    Warning (15610): No output dependent on input pin "dip_a[5]" File: C:/Users/saule/Documents/Quartus/hw2019/verilog-src/public/kadai2.v Line: 58
    Warning (15610): No output dependent on input pin "dip_a[6]" File: C:/Users/saule/Documents/Quartus/hw2019/verilog-src/public/kadai2.v Line: 58
    Warning (15610): No output dependent on input pin "dip_a[7]" File: C:/Users/saule/Documents/Quartus/hw2019/verilog-src/public/kadai2.v Line: 58
    Warning (15610): No output dependent on input pin "dip_b[0]" File: C:/Users/saule/Documents/Quartus/hw2019/verilog-src/public/kadai2.v Line: 59
    Warning (15610): No output dependent on input pin "dip_b[1]" File: C:/Users/saule/Documents/Quartus/hw2019/verilog-src/public/kadai2.v Line: 59
    Warning (15610): No output dependent on input pin "dip_b[2]" File: C:/Users/saule/Documents/Quartus/hw2019/verilog-src/public/kadai2.v Line: 59
    Warning (15610): No output dependent on input pin "dip_b[3]" File: C:/Users/saule/Documents/Quartus/hw2019/verilog-src/public/kadai2.v Line: 59
    Warning (15610): No output dependent on input pin "dip_b[4]" File: C:/Users/saule/Documents/Quartus/hw2019/verilog-src/public/kadai2.v Line: 59
    Warning (15610): No output dependent on input pin "dip_b[5]" File: C:/Users/saule/Documents/Quartus/hw2019/verilog-src/public/kadai2.v Line: 59
    Warning (15610): No output dependent on input pin "dip_b[6]" File: C:/Users/saule/Documents/Quartus/hw2019/verilog-src/public/kadai2.v Line: 59
    Warning (15610): No output dependent on input pin "dip_b[7]" File: C:/Users/saule/Documents/Quartus/hw2019/verilog-src/public/kadai2.v Line: 59
Info (21057): Implemented 248 device resources after synthesis - the final resource count might be different
    Info (21058): Implemented 47 input pins
    Info (21059): Implemented 105 output pins
    Info (21061): Implemented 96 logic cells
Info: Quartus Prime Analysis & Synthesis was successful. 0 errors, 95 warnings
    Info: Peak virtual memory: 4763 megabytes
    Info: Processing ended: Wed Jun 01 15:16:19 2022
    Info: Elapsed time: 00:00:17
    Info: Total CPU time (on all processors): 00:00:37


